  ADDR B1 B2 B3 B4 D:\Assembler\Lr4.asm                             PAGE       1

                           org $8000
  8000 86 00               ldaa #0
  8002 C6 FF               ldab #255
  8004 CE 82 00            ldx #$8200
                   loop:
  8007 A7 00               staa ,x
  8009 4C                  inca
  800A 5A                  decb
  800B 08                  inx
  800C 5A                  decb
  800D 26 F8               bne loop
  800F 86 80               ldaa #128
  8011 18 CE 82 00         ldy #$8200
  8015 CE 82 FF            ldx #$82ff
                   loop1:
  8018 FF 01 00            stx $100
  801B 18 FF 01 02         sty $102
  801F FE 01 00            ldx $100
  8022 18 FE 01 02         ldy $102
  8026 1A EF 00            sty ,x
  8029 CD EF 00            stx ,y
  802C 18 08               iny
  802E 09                  dex
  802F 4A                  deca
  8030 26 E6               bne loop1

  Symbol Table 

  LOOP1              8018
  LOOP               8007
